  Bullet.cpp
  main.cpp
C:\Users\isaac\OneDrive\Desktop\OpenGL\A1_IsaacHraga\OpenGL-Computer-Graphics-Game\Bullet.cpp(8,19): warning C4305: '=': truncation from 'double' to 'float'
C:\Users\isaac\OneDrive\Desktop\OpenGL\A1_IsaacHraga\OpenGL-Computer-Graphics-Game\Bullet.cpp(12,60): warning C4305: 'argument': truncation from 'double' to 'float'
C:\Users\isaac\OneDrive\Desktop\OpenGL\A1_IsaacHraga\OpenGL-Computer-Graphics-Game\Bullet.cpp(12,55): warning C4305: 'argument': truncation from 'double' to 'float'
C:\Users\isaac\OneDrive\Desktop\OpenGL\A1_IsaacHraga\OpenGL-Computer-Graphics-Game\Bullet.cpp(12,50): warning C4305: 'argument': truncation from 'double' to 'float'
C:\Users\isaac\OneDrive\Desktop\OpenGL\A1_IsaacHraga\OpenGL-Computer-Graphics-Game\main.cpp(85,12): warning C4305: 'initializing': truncation from 'double' to 'float'
C:\Users\isaac\OneDrive\Desktop\OpenGL\A1_IsaacHraga\OpenGL-Computer-Graphics-Game\main.cpp(94,15): warning C4305: 'initializing': truncation from 'double' to 'float'
C:\Users\isaac\OneDrive\Desktop\OpenGL\A1_IsaacHraga\OpenGL-Computer-Graphics-Game\main.cpp(205,9): warning C4305: '=': truncation from 'double' to 'float'
C:\Users\isaac\OneDrive\Desktop\OpenGL\A1_IsaacHraga\OpenGL-Computer-Graphics-Game\main.cpp(206,9): warning C4305: '=': truncation from 'double' to 'float'
C:\Users\isaac\OneDrive\Desktop\OpenGL\A1_IsaacHraga\OpenGL-Computer-Graphics-Game\main.cpp(207,9): warning C4305: '=': truncation from 'double' to 'float'
C:\Users\isaac\OneDrive\Desktop\OpenGL\A1_IsaacHraga\OpenGL-Computer-Graphics-Game\main.cpp(209,16): warning C4305: '=': truncation from 'double' to 'float'
C:\Users\isaac\OneDrive\Desktop\OpenGL\A1_IsaacHraga\OpenGL-Computer-Graphics-Game\main.cpp(210,14): warning C4305: '=': truncation from 'double' to 'float'
C:\Users\isaac\OneDrive\Desktop\OpenGL\A1_IsaacHraga\OpenGL-Computer-Graphics-Game\main.cpp(225,12): warning C4244: 'argument': conversion from 'time_t' to 'unsigned int', possible loss of data
C:\Users\isaac\OneDrive\Desktop\OpenGL\A1_IsaacHraga\OpenGL-Computer-Graphics-Game\main.cpp(259,68): warning C4244: 'argument': conversion from 'int' to 'float', possible loss of data
C:\Users\isaac\OneDrive\Desktop\OpenGL\A1_IsaacHraga\OpenGL-Computer-Graphics-Game\main.cpp(259,42): warning C4244: 'argument': conversion from 'int' to 'float', possible loss of data
C:\Users\isaac\OneDrive\Desktop\OpenGL\A1_IsaacHraga\OpenGL-Computer-Graphics-Game\main.cpp(374,13): warning C4305: 'argument': truncation from 'double' to 'GLfloat'
C:\Users\isaac\OneDrive\Desktop\OpenGL\A1_IsaacHraga\OpenGL-Computer-Graphics-Game\main.cpp(375,16): warning C4305: 'argument': truncation from 'double' to 'GLfloat'
C:\Users\isaac\OneDrive\Desktop\OpenGL\A1_IsaacHraga\OpenGL-Computer-Graphics-Game\main.cpp(376,13): warning C4305: 'argument': truncation from 'double' to 'GLfloat'
C:\Users\isaac\OneDrive\Desktop\OpenGL\A1_IsaacHraga\OpenGL-Computer-Graphics-Game\main.cpp(382,17): warning C4305: 'argument': truncation from 'double' to 'GLfloat'
C:\Users\isaac\OneDrive\Desktop\OpenGL\A1_IsaacHraga\OpenGL-Computer-Graphics-Game\main.cpp(383,13): warning C4305: 'argument': truncation from 'double' to 'GLfloat'
C:\Users\isaac\OneDrive\Desktop\OpenGL\A1_IsaacHraga\OpenGL-Computer-Graphics-Game\main.cpp(384,17): warning C4305: 'argument': truncation from 'double' to 'GLfloat'
C:\Users\isaac\OneDrive\Desktop\OpenGL\A1_IsaacHraga\OpenGL-Computer-Graphics-Game\main.cpp(390,16): warning C4305: 'argument': truncation from 'double' to 'GLfloat'
C:\Users\isaac\OneDrive\Desktop\OpenGL\A1_IsaacHraga\OpenGL-Computer-Graphics-Game\main.cpp(391,19): warning C4305: 'argument': truncation from 'double' to 'GLfloat'
C:\Users\isaac\OneDrive\Desktop\OpenGL\A1_IsaacHraga\OpenGL-Computer-Graphics-Game\main.cpp(392,16): warning C4305: 'argument': truncation from 'double' to 'GLfloat'
C:\Users\isaac\OneDrive\Desktop\OpenGL\A1_IsaacHraga\OpenGL-Computer-Graphics-Game\main.cpp(429,22): warning C4305: '-=': truncation from 'double' to 'float'
C:\Users\isaac\OneDrive\Desktop\OpenGL\A1_IsaacHraga\OpenGL-Computer-Graphics-Game\main.cpp(445,22): warning C4305: '+=': truncation from 'double' to 'float'
C:\Users\isaac\OneDrive\Desktop\OpenGL\A1_IsaacHraga\OpenGL-Computer-Graphics-Game\main.cpp(468,31): warning C4244: '+=': conversion from 'double' to 'float', possible loss of data
C:\Users\isaac\OneDrive\Desktop\OpenGL\A1_IsaacHraga\OpenGL-Computer-Graphics-Game\main.cpp(469,29): warning C4244: '+=': conversion from 'double' to 'float', possible loss of data
C:\Users\isaac\OneDrive\Desktop\OpenGL\A1_IsaacHraga\OpenGL-Computer-Graphics-Game\main.cpp(472,18): warning C4305: '=': truncation from 'double' to 'float'
C:\Users\isaac\OneDrive\Desktop\OpenGL\A1_IsaacHraga\OpenGL-Computer-Graphics-Game\main.cpp(474,19): warning C4305: '=': truncation from 'double' to 'float'
C:\Users\isaac\OneDrive\Desktop\OpenGL\A1_IsaacHraga\OpenGL-Computer-Graphics-Game\main.cpp(538,20): warning C4305: '=': truncation from 'double' to 'float'
C:\Users\isaac\OneDrive\Desktop\OpenGL\A1_IsaacHraga\OpenGL-Computer-Graphics-Game\main.cpp(744,15): warning C4305: '-=': truncation from 'double' to 'float'
C:\Users\isaac\OneDrive\Desktop\OpenGL\A1_IsaacHraga\OpenGL-Computer-Graphics-Game\main.cpp(876,82): warning C4244: 'argument': conversion from 'double' to 'float', possible loss of data
C:\Users\isaac\OneDrive\Desktop\OpenGL\A1_IsaacHraga\OpenGL-Computer-Graphics-Game\main.cpp(878,40): warning C4305: 'argument': truncation from 'double' to 'float'
C:\Users\isaac\OneDrive\Desktop\OpenGL\A1_IsaacHraga\OpenGL-Computer-Graphics-Game\main.cpp(878,87): warning C4244: 'argument': conversion from 'double' to 'float', possible loss of data
C:\Users\isaac\OneDrive\Desktop\OpenGL\A1_IsaacHraga\OpenGL-Computer-Graphics-Game\main.cpp(1090,81): warning C4305: 'argument': truncation from 'double' to 'float'
C:\Users\isaac\OneDrive\Desktop\OpenGL\A1_IsaacHraga\OpenGL-Computer-Graphics-Game\main.cpp(1090,75): warning C4305: 'argument': truncation from 'double' to 'float'
C:\Users\isaac\OneDrive\Desktop\OpenGL\A1_IsaacHraga\OpenGL-Computer-Graphics-Game\main.cpp(1090,69): warning C4305: 'argument': truncation from 'double' to 'float'
C:\Users\isaac\OneDrive\Desktop\OpenGL\A1_IsaacHraga\OpenGL-Computer-Graphics-Game\main.cpp(1092,59): warning C4305: 'argument': truncation from 'double' to 'float'
C:\Users\isaac\OneDrive\Desktop\OpenGL\A1_IsaacHraga\OpenGL-Computer-Graphics-Game\main.cpp(1092,55): warning C4305: 'argument': truncation from 'double' to 'float'
C:\Users\isaac\OneDrive\Desktop\OpenGL\A1_IsaacHraga\OpenGL-Computer-Graphics-Game\main.cpp(1092,85): warning C4244: 'argument': conversion from 'double' to 'float', possible loss of data
  PrimitiveAssemply.cpp
C:\Users\isaac\OneDrive\Desktop\OpenGL\A1_IsaacHraga\OpenGL-Computer-Graphics-Game\PrimitiveAssemply.cpp(122,14): warning C4244: 'initializing': conversion from 'double' to 'float', possible loss of data
C:\Users\isaac\OneDrive\Desktop\OpenGL\A1_IsaacHraga\OpenGL-Computer-Graphics-Game\PrimitiveAssemply.cpp(123,12): warning C4244: 'initializing': conversion from 'double' to 'float', possible loss of data
C:\Users\isaac\OneDrive\Desktop\OpenGL\A1_IsaacHraga\OpenGL-Computer-Graphics-Game\PrimitiveAssemply.cpp(124,12): warning C4244: 'initializing': conversion from 'double' to 'float', possible loss of data
C:\Users\isaac\OneDrive\Desktop\OpenGL\A1_IsaacHraga\OpenGL-Computer-Graphics-Game\PrimitiveAssemply.cpp(128,15): warning C4244: 'initializing': conversion from 'double' to 'float', possible loss of data
C:\Users\isaac\OneDrive\Desktop\OpenGL\A1_IsaacHraga\OpenGL-Computer-Graphics-Game\PrimitiveAssemply.cpp(129,13): warning C4244: 'initializing': conversion from 'double' to 'float', possible loss of data
C:\Users\isaac\OneDrive\Desktop\OpenGL\A1_IsaacHraga\OpenGL-Computer-Graphics-Game\PrimitiveAssemply.cpp(130,13): warning C4244: 'initializing': conversion from 'double' to 'float', possible loss of data
C:\Users\isaac\OneDrive\Desktop\OpenGL\A1_IsaacHraga\OpenGL-Computer-Graphics-Game\PrimitiveAssemply.cpp(151,14): warning C4244: 'initializing': conversion from 'double' to 'float', possible loss of data
C:\Users\isaac\OneDrive\Desktop\OpenGL\A1_IsaacHraga\OpenGL-Computer-Graphics-Game\PrimitiveAssemply.cpp(152,12): warning C4244: 'initializing': conversion from 'double' to 'float', possible loss of data
C:\Users\isaac\OneDrive\Desktop\OpenGL\A1_IsaacHraga\OpenGL-Computer-Graphics-Game\PrimitiveAssemply.cpp(153,18): warning C4244: 'initializing': conversion from 'double' to 'float', possible loss of data
C:\Users\isaac\OneDrive\Desktop\OpenGL\A1_IsaacHraga\OpenGL-Computer-Graphics-Game\PrimitiveAssemply.cpp(157,17): warning C4244: 'initializing': conversion from 'double' to 'float', possible loss of data
C:\Users\isaac\OneDrive\Desktop\OpenGL\A1_IsaacHraga\OpenGL-Computer-Graphics-Game\PrimitiveAssemply.cpp(158,13): warning C4244: 'initializing': conversion from 'double' to 'float', possible loss of data
C:\Users\isaac\OneDrive\Desktop\OpenGL\A1_IsaacHraga\OpenGL-Computer-Graphics-Game\PrimitiveAssemply.cpp(159,13): warning C4244: 'initializing': conversion from 'double' to 'float', possible loss of data
C:\Users\isaac\OneDrive\Desktop\OpenGL\A1_IsaacHraga\OpenGL-Computer-Graphics-Game\PrimitiveAssemply.cpp(169,21): warning C4244: 'initializing': conversion from 'double' to 'float', possible loss of data
C:\Users\isaac\OneDrive\Desktop\OpenGL\A1_IsaacHraga\OpenGL-Computer-Graphics-Game\PrimitiveAssemply.cpp(170,19): warning C4244: 'initializing': conversion from 'double' to 'float', possible loss of data
C:\Users\isaac\OneDrive\Desktop\OpenGL\A1_IsaacHraga\OpenGL-Computer-Graphics-Game\PrimitiveAssemply.cpp(171,25): warning C4244: 'initializing': conversion from 'double' to 'float', possible loss of data
C:\Users\isaac\OneDrive\Desktop\OpenGL\A1_IsaacHraga\OpenGL-Computer-Graphics-Game\PrimitiveAssemply.cpp(172,19): warning C4244: 'initializing': conversion from 'double' to 'float', possible loss of data
C:\Users\isaac\OneDrive\Desktop\OpenGL\A1_IsaacHraga\OpenGL-Computer-Graphics-Game\PrimitiveAssemply.cpp(173,19): warning C4244: 'initializing': conversion from 'double' to 'float', possible loss of data
  Robot.cpp
C:\Users\isaac\OneDrive\Desktop\OpenGL\A1_IsaacHraga\OpenGL-Computer-Graphics-Game\Robot.cpp(23,59): warning C4244: 'argument': conversion from 'int' to 'float', possible loss of data
C:\Users\isaac\OneDrive\Desktop\OpenGL\A1_IsaacHraga\OpenGL-Computer-Graphics-Game\Robot.cpp(23,35): warning C4244: 'argument': conversion from 'int' to 'float', possible loss of data
C:\Users\isaac\OneDrive\Desktop\OpenGL\A1_IsaacHraga\OpenGL-Computer-Graphics-Game\Robot.cpp(24,14): warning C4305: '=': truncation from 'double' to 'float'
C:\Users\isaac\OneDrive\Desktop\OpenGL\A1_IsaacHraga\OpenGL-Computer-Graphics-Game\Robot.cpp(40,73): warning C4244: 'argument': conversion from 'int' to 'float', possible loss of data
C:\Users\isaac\OneDrive\Desktop\OpenGL\A1_IsaacHraga\OpenGL-Computer-Graphics-Game\Robot.cpp(40,54): warning C4244: 'argument': conversion from 'int' to 'float', possible loss of data
C:\Users\isaac\OneDrive\Desktop\OpenGL\A1_IsaacHraga\OpenGL-Computer-Graphics-Game\Robot.cpp(40,35): warning C4244: 'argument': conversion from 'int' to 'float', possible loss of data
  Utilities.cpp
  Generating Code...
  A1_IsaacHraga.vcxproj -> C:\Users\isaac\OneDrive\Desktop\OpenGL\A1_IsaacHraga\OpenGL-Computer-Graphics-Game\x64\Debug\A1_IsaacHraga.exe
